<?xml version="1.0" encoding="UTF-8"?>
<!-- Generated by org.testng.reporters.JUnitXMLReporter -->
<testsuite hostname="PC" name="Default test" tests="7" failures="0" timestamp="13 Jul 2015 09:26:01 GMT" time="0.04" errors="0">
  <testcase name="AddingTest" time="0.006" classname="com.comarch.training.PositiveCases"/>
  <testcase name="AddingToMemoryTest" time="0.001" classname="com.comarch.training.PositiveCases"/>
  <testcase name="DivisionTest" time="0.0" classname="com.comarch.training.PositiveCases"/>
  <testcase name="GettingMemoryTest" time="0.001" classname="com.comarch.training.PositiveCases"/>
  <testcase name="MultiplyTest" time="0.0" classname="com.comarch.training.PositiveCases"/>
  <testcase name="SettingMemoryTest" time="0.001" classname="com.comarch.training.PositiveCases"/>
  <testcase name="SubstactionTest" time="0.0" classname="com.comarch.training.PositiveCases"/>
</testsuite> <!-- Default test -->
