<?xml version="1.0" encoding="UTF-8"?>
<!-- Generated by org.testng.reporters.JUnitXMLReporter -->
<testsuite hostname="PC" name="Default test" tests="3" failures="0" timestamp="13 Jul 2015 09:38:46 GMT" time="0.036" errors="0">
  <testcase name="SubstactionTest" time="0.005" classname="com.comarch.training.FailingCases"/>
  <testcase name="AddingToMemoryTest" time="0.001" classname="com.comarch.training.FailingCases"/>
  <testcase name="DivisionTest" time="0.001" classname="com.comarch.training.FailingCases"/>
</testsuite> <!-- Default test -->
